# JRE version: Java(TM) SE Runtime Environment (17.0.12+8) (build 17.0.12+8-LTS-286)
# Java VM: Java HotSpot(TM) 64-Bit Server VM (17.0.12+8-LTS-286, mixed mode, sharing, tiered, compressed oops, compressed class ptrs, g1 gc, windows-amd64)
GC Precious Log:
 CPUs: 12 total, 12 available
 Memory: 7579M
 Large Page Support: Disabled
 NUMA Support: Disabled
 Compressed Oops: Enabled (32-bit)
 Heap Region Size: 1M
 Heap Min Capacity: 8M
 Heap Initial Capacity: 120M
 Heap Max Capacity: 1896M
 Pre-touch: Disabled
 Parallel Workers: 10
 Concurrent Workers: 3
 Concurrent Refinement Workers: 10
 Periodic GC: Disabled
Heap:
 garbage-first heap   total 340992K, used 128459K [0x0000000089800000, 0x0000000100000000)
  region size 1024K, 18 young (18432K), 11 survivors (11264K)
 Metaspace       used 65099K, committed 65408K, reserved 1114112K
  class space    used 7209K, committed 7360K, reserved 1048576K
GC Heap History (20 events):
Event: 18.270 GC heap before
{Heap before GC invocations=27 (full 0):
 garbage-first heap   total 196608K, used 142947K [0x0000000089800000, 0x0000000100000000)
  region size 1024K, 51 young (52224K), 1 survivors (1024K)
 Metaspace       used 58519K, committed 58880K, reserved 1114112K
  class space    used 6770K, committed 6912K, reserved 1048576K
}
Event: 18.271 GC heap after
{Heap after GC invocations=28 (full 0):
 garbage-first heap   total 196608K, used 91791K [0x0000000089800000, 0x0000000100000000)
  region size 1024K, 1 young (1024K), 1 survivors (1024K)
 Metaspace       used 58519K, committed 58880K, reserved 1114112K
  class space    used 6770K, committed 6912K, reserved 1048576K
}
Event: 18.294 GC heap before
{Heap before GC invocations=28 (full 0):
 garbage-first heap   total 196608K, used 99983K [0x0000000089800000, 0x0000000100000000)
  region size 1024K, 9 young (9216K), 1 survivors (1024K)
 Metaspace       used 58519K, committed 58880K, reserved 1114112K
  class space    used 6770K, committed 6912K, reserved 1048576K
}
Event: 18.297 GC heap after
{Heap after GC invocations=29 (full 0):
 garbage-first heap   total 196608K, used 91154K [0x0000000089800000, 0x0000000100000000)
  region size 1024K, 1 young (1024K), 1 survivors (1024K)
 Metaspace       used 58519K, committed 58880K, reserved 1114112K
  class space    used 6770K, committed 6912K, reserved 1048576K
}
Event: 18.503 GC heap before
{Heap before GC invocations=29 (full 0):
 garbage-first heap   total 196608K, used 159762K [0x0000000089800000, 0x0000000100000000)
  region size 1024K, 68 young (69632K), 1 survivors (1024K)
 Metaspace       used 58519K, committed 58880K, reserved 1114112K
  class space    used 6770K, committed 6912K, reserved 1048576K
}
Event: 18.505 GC heap after
{Heap after GC invocations=30 (full 0):
 garbage-first heap   total 196608K, used 90869K [0x0000000089800000, 0x0000000100000000)
  region size 1024K, 1 young (1024K), 1 survivors (1024K)
 Metaspace       used 58519K, committed 58880K, reserved 1114112K
  class space    used 6770K, committed 6912K, reserved 1048576K
}
Event: 18.711 GC heap before
{Heap before GC invocations=31 (full 0):
 garbage-first heap   total 211968K, used 164597K [0x0000000089800000, 0x0000000100000000)
  region size 1024K, 73 young (74752K), 1 survivors (1024K)
 Metaspace       used 58526K, committed 58880K, reserved 1114112K
  class space    used 6770K, committed 6912K, reserved 1048576K
}
Event: 18.713 GC heap after
{Heap after GC invocations=32 (full 0):
 garbage-first heap   total 211968K, used 90961K [0x0000000089800000, 0x0000000100000000)
  region size 1024K, 1 young (1024K), 1 survivors (1024K)
 Metaspace       used 58526K, committed 58880K, reserved 1114112K
  class space    used 6770K, committed 6912K, reserved 1048576K
}
Event: 18.731 GC heap before
{Heap before GC invocations=32 (full 0):
 garbage-first heap   total 211968K, used 100177K [0x0000000089800000, 0x0000000100000000)
  region size 1024K, 10 young (10240K), 1 survivors (1024K)
 Metaspace       used 58526K, committed 58880K, reserved 1114112K
  class space    used 6770K, committed 6912K, reserved 1048576K
}
Event: 18.734 GC heap after
{Heap after GC invocations=33 (full 0):
 garbage-first heap   total 340992K, used 90078K [0x0000000089800000, 0x0000000100000000)
  region size 1024K, 1 young (1024K), 1 survivors (1024K)
 Metaspace       used 58526K, committed 58880K, reserved 1114112K
  class space    used 6770K, committed 6912K, reserved 1048576K
}
Event: 19.236 GC heap before
{Heap before GC invocations=33 (full 0):
 garbage-first heap   total 340992K, used 292830K [0x0000000089800000, 0x0000000100000000)
  region size 1024K, 199 young (203776K), 1 survivors (1024K)
 Metaspace       used 58526K, committed 58880K, reserved 1114112K
  class space    used 6770K, committed 6912K, reserved 1048576K
}
Event: 19.237 GC heap after
{Heap after GC invocations=34 (full 0):
 garbage-first heap   total 340992K, used 90112K [0x0000000089800000, 0x0000000100000000)
  region size 1024K, 1 young (1024K), 1 survivors (1024K)
 Metaspace       used 58526K, committed 58880K, reserved 1114112K
  class space    used 6770K, committed 6912K, reserved 1048576K
}
Event: 19.494 GC heap before
{Heap before GC invocations=34 (full 0):
 garbage-first heap   total 340992K, used 292864K [0x0000000089800000, 0x0000000100000000)
  region size 1024K, 199 young (203776K), 1 survivors (1024K)
 Metaspace       used 58526K, committed 58880K, reserved 1114112K
  class space    used 6770K, committed 6912K, reserved 1048576K
}
Event: 19.496 GC heap after
{Heap after GC invocations=35 (full 0):
 garbage-first heap   total 340992K, used 90135K [0x0000000089800000, 0x0000000100000000)
  region size 1024K, 1 young (1024K), 1 survivors (1024K)
 Metaspace       used 58526K, committed 58880K, reserved 1114112K
  class space    used 6770K, committed 6912K, reserved 1048576K
}
Event: 21.695 GC heap before
{Heap before GC invocations=35 (full 0):
 garbage-first heap   total 340992K, used 292887K [0x0000000089800000, 0x0000000100000000)
  region size 1024K, 199 young (203776K), 1 survivors (1024K)
 Metaspace       used 59537K, committed 59840K, reserved 1114112K
  class space    used 6844K, committed 6976K, reserved 1048576K
}
Event: 21.705 GC heap after
{Heap after GC invocations=36 (full 0):
 garbage-first heap   total 340992K, used 96759K [0x0000000089800000, 0x0000000100000000)
  region size 1024K, 7 young (7168K), 7 survivors (7168K)
 Metaspace       used 59537K, committed 59840K, reserved 1114112K
  class space    used 6844K, committed 6976K, reserved 1048576K
}
Event: 27.141 GC heap before
{Heap before GC invocations=36 (full 0):
 garbage-first heap   total 340992K, used 293367K [0x0000000089800000, 0x0000000100000000)
  region size 1024K, 199 young (203776K), 7 survivors (7168K)
 Metaspace       used 60688K, committed 60992K, reserved 1114112K
  class space    used 6894K, committed 7040K, reserved 1048576K
}
Event: 27.157 GC heap after
{Heap after GC invocations=37 (full 0):
 garbage-first heap   total 340992K, used 111105K [0x0000000089800000, 0x0000000100000000)
  region size 1024K, 21 young (21504K), 21 survivors (21504K)
 Metaspace       used 60688K, committed 60992K, reserved 1114112K
  class space    used 6894K, committed 7040K, reserved 1048576K
}
Event: 34.377 GC heap before
{Heap before GC invocations=37 (full 0):
 garbage-first heap   total 340992K, used 284161K [0x0000000089800000, 0x0000000100000000)
  region size 1024K, 190 young (194560K), 21 survivors (21504K)
 Metaspace       used 64948K, committed 65280K, reserved 1114112K
  class space    used 7207K, committed 7360K, reserved 1048576K
}
Event: 34.446 GC heap after
{Heap after GC invocations=38 (full 0):
 garbage-first heap   total 340992K, used 122315K [0x0000000089800000, 0x0000000100000000)
  region size 1024K, 11 young (11264K), 11 survivors (11264K)
 Metaspace       used 64948K, committed 65280K, reserved 1114112K
  class space    used 7207K, committed 7360K, reserved 1048576K
}

