# JRE version: Java(TM) SE Runtime Environment (17.0.12+8) (build 17.0.12+8-LTS-286)
# Java VM: Java HotSpot(TM) 64-Bit Server VM (17.0.12+8-LTS-286, mixed mode, sharing, tiered, compressed oops, compressed class ptrs, g1 gc, windows-amd64)
GC Precious Log:
 CPUs: 12 total, 12 available
 Memory: 7579M
 Large Page Support: Disabled
 NUMA Support: Disabled
 Compressed Oops: Enabled (Zero based)
 Heap Region Size: 2M
 Heap Min Capacity: 8M
 Heap Initial Capacity: 120M
 Heap Max Capacity: 4G
 Pre-touch: Disabled
 Parallel Workers: 10
 Concurrent Workers: 3
 Concurrent Refinement Workers: 10
 Periodic GC: Disabled
Heap:
 garbage-first heap   total 413696K, used 282545K [0x0000000700000000, 0x0000000800000000)
  region size 2048K, 5 young (10240K), 5 survivors (10240K)
 Metaspace       used 116706K, committed 118592K, reserved 1179648K
  class space    used 16334K, committed 17152K, reserved 1048576K
GC Heap History (20 events):
Event: 28.514 GC heap after
{Heap after GC invocations=48 (full 0):
 garbage-first heap   total 344064K, used 176494K [0x0000000700000000, 0x0000000800000000)
  region size 2048K, 9 young (18432K), 9 survivors (18432K)
 Metaspace       used 110410K, committed 111744K, reserved 1179648K
  class space    used 15419K, committed 16064K, reserved 1048576K
}
Event: 29.688 GC heap before
{Heap before GC invocations=48 (full 0):
 garbage-first heap   total 344064K, used 278894K [0x0000000700000000, 0x0000000800000000)
  region size 2048K, 59 young (120832K), 9 survivors (18432K)
 Metaspace       used 111931K, committed 113408K, reserved 1179648K
  class space    used 15648K, committed 16320K, reserved 1048576K
}
Event: 29.712 GC heap after
{Heap after GC invocations=49 (full 0):
 garbage-first heap   total 344064K, used 196332K [0x0000000700000000, 0x0000000800000000)
  region size 2048K, 8 young (16384K), 8 survivors (16384K)
 Metaspace       used 111931K, committed 113408K, reserved 1179648K
  class space    used 15648K, committed 16320K, reserved 1048576K
}
Event: 30.720 GC heap before
{Heap before GC invocations=49 (full 0):
 garbage-first heap   total 344064K, used 278252K [0x0000000700000000, 0x0000000800000000)
  region size 2048K, 48 young (98304K), 8 survivors (16384K)
 Metaspace       used 112927K, committed 114496K, reserved 1179648K
  class space    used 15789K, committed 16512K, reserved 1048576K
}
Event: 30.738 GC heap after
{Heap after GC invocations=50 (full 0):
 garbage-first heap   total 344064K, used 211644K [0x0000000700000000, 0x0000000800000000)
  region size 2048K, 6 young (12288K), 6 survivors (12288K)
 Metaspace       used 112927K, committed 114496K, reserved 1179648K
  class space    used 15789K, committed 16512K, reserved 1048576K
}
Event: 31.365 GC heap before
{Heap before GC invocations=50 (full 0):
 garbage-first heap   total 344064K, used 277180K [0x0000000700000000, 0x0000000800000000)
  region size 2048K, 39 young (79872K), 6 survivors (12288K)
 Metaspace       used 113438K, committed 115136K, reserved 1179648K
  class space    used 15863K, committed 16640K, reserved 1048576K
}
Event: 31.377 GC heap after
{Heap after GC invocations=51 (full 0):
 garbage-first heap   total 344064K, used 222991K [0x0000000700000000, 0x0000000800000000)
  region size 2048K, 5 young (10240K), 5 survivors (10240K)
 Metaspace       used 113438K, committed 115136K, reserved 1179648K
  class space    used 15863K, committed 16640K, reserved 1048576K
}
Event: 31.500 GC heap before
{Heap before GC invocations=51 (full 0):
 garbage-first heap   total 344064K, used 280335K [0x0000000700000000, 0x0000000800000000)
  region size 2048K, 34 young (69632K), 5 survivors (10240K)
 Metaspace       used 113446K, committed 115136K, reserved 1179648K
  class space    used 15863K, committed 16640K, reserved 1048576K
}
Event: 31.508 GC heap after
{Heap after GC invocations=52 (full 0):
 garbage-first heap   total 413696K, used 225544K [0x0000000700000000, 0x0000000800000000)
  region size 2048K, 2 young (4096K), 2 survivors (4096K)
 Metaspace       used 113446K, committed 115136K, reserved 1179648K
  class space    used 15863K, committed 16640K, reserved 1048576K
}
Event: 32.715 GC heap before
{Heap before GC invocations=52 (full 0):
 garbage-first heap   total 413696K, used 329992K [0x0000000700000000, 0x0000000800000000)
  region size 2048K, 54 young (110592K), 2 survivors (4096K)
 Metaspace       used 114541K, committed 116288K, reserved 1179648K
  class space    used 16032K, committed 16832K, reserved 1048576K
}
Event: 32.733 GC heap after
{Heap after GC invocations=53 (full 0):
 garbage-first heap   total 413696K, used 240159K [0x0000000700000000, 0x0000000800000000)
  region size 2048K, 7 young (14336K), 7 survivors (14336K)
 Metaspace       used 114541K, committed 116288K, reserved 1179648K
  class space    used 16032K, committed 16832K, reserved 1048576K
}
Event: 33.260 GC heap before
{Heap before GC invocations=53 (full 0):
 garbage-first heap   total 413696K, used 330271K [0x0000000700000000, 0x0000000800000000)
  region size 2048K, 52 young (106496K), 7 survivors (14336K)
 Metaspace       used 114845K, committed 116672K, reserved 1179648K
  class space    used 16066K, committed 16896K, reserved 1048576K
}
Event: 33.270 GC heap after
{Heap after GC invocations=54 (full 0):
 garbage-first heap   total 413696K, used 248118K [0x0000000700000000, 0x0000000800000000)
  region size 2048K, 5 young (10240K), 5 survivors (10240K)
 Metaspace       used 114845K, committed 116672K, reserved 1179648K
  class space    used 16066K, committed 16896K, reserved 1048576K
}
Event: 33.396 GC heap before
{Heap before GC invocations=54 (full 0):
 garbage-first heap   total 413696K, used 332086K [0x0000000700000000, 0x0000000800000000)
  region size 2048K, 47 young (96256K), 5 survivors (10240K)
 Metaspace       used 114847K, committed 116672K, reserved 1179648K
  class space    used 16066K, committed 16896K, reserved 1048576K
}
Event: 33.403 GC heap after
{Heap after GC invocations=55 (full 0):
 garbage-first heap   total 413696K, used 251239K [0x0000000700000000, 0x0000000800000000)
  region size 2048K, 3 young (6144K), 3 survivors (6144K)
 Metaspace       used 114847K, committed 116672K, reserved 1179648K
  class space    used 16066K, committed 16896K, reserved 1048576K
}
Event: 34.239 GC heap before
{Heap before GC invocations=55 (full 0):
 garbage-first heap   total 413696K, used 339303K [0x0000000700000000, 0x0000000800000000)
  region size 2048K, 46 young (94208K), 3 survivors (6144K)
 Metaspace       used 115303K, committed 117184K, reserved 1179648K
  class space    used 16123K, committed 16960K, reserved 1048576K
}
Event: 34.249 GC heap after
{Heap after GC invocations=56 (full 0):
 garbage-first heap   total 413696K, used 268946K [0x0000000700000000, 0x0000000800000000)
  region size 2048K, 6 young (12288K), 6 survivors (12288K)
 Metaspace       used 115303K, committed 117184K, reserved 1179648K
  class space    used 16123K, committed 16960K, reserved 1048576K
}
Event: 34.346 GC heap before
{Heap before GC invocations=56 (full 0):
 garbage-first heap   total 413696K, used 338578K [0x0000000700000000, 0x0000000800000000)
  region size 2048K, 41 young (83968K), 6 survivors (12288K)
 Metaspace       used 115303K, committed 117184K, reserved 1179648K
  class space    used 16123K, committed 16960K, reserved 1048576K
}
Event: 34.353 GC heap after
{Heap after GC invocations=57 (full 0):
 garbage-first heap   total 413696K, used 272764K [0x0000000700000000, 0x0000000800000000)
  region size 2048K, 3 young (6144K), 3 survivors (6144K)
 Metaspace       used 115303K, committed 117184K, reserved 1179648K
  class space    used 16123K, committed 16960K, reserved 1048576K
}
Event: 35.051 GC heap before
{Heap before GC invocations=57 (full 0):
 garbage-first heap   total 413696K, used 342396K [0x0000000700000000, 0x0000000800000000)
  region size 2048K, 38 young (77824K), 3 survivors (6144K)
 Metaspace       used 116706K, committed 118592K, reserved 1179648K
  class space    used 16334K, committed 17152K, reserved 1048576K
}

