# JRE version: Java(TM) SE Runtime Environment (17.0.12+8) (build 17.0.12+8-LTS-286)
# Java VM: Java HotSpot(TM) 64-Bit Server VM (17.0.12+8-LTS-286, mixed mode, sharing, tiered, compressed oops, compressed class ptrs, g1 gc, windows-amd64)
GC Precious Log:
 CPUs: 12 total, 12 available
 Memory: 7579M
 Large Page Support: Disabled
 NUMA Support: Disabled
 Compressed Oops: Enabled (Zero based)
 Heap Region Size: 2M
 Heap Min Capacity: 8M
 Heap Initial Capacity: 120M
 Heap Max Capacity: 4G
 Pre-touch: Disabled
 Parallel Workers: 10
 Concurrent Workers: 3
 Concurrent Refinement Workers: 10
 Periodic GC: Disabled
Heap:
 garbage-first heap   total 747520K, used 457485K [0x0000000700000000, 0x0000000800000000)
  region size 2048K, 43 young (88064K), 4 survivors (8192K)
 Metaspace       used 130208K, committed 132416K, reserved 1179648K
  class space    used 18151K, committed 19200K, reserved 1048576K
GC Heap History (20 events):
Event: 28.067 GC heap before
{Heap before GC invocations=49 (full 0):
 garbage-first heap   total 358400K, used 288727K [0x0000000700000000, 0x0000000800000000)
  region size 2048K, 45 young (92160K), 7 survivors (14336K)
 Metaspace       used 119870K, committed 121600K, reserved 1179648K
  class space    used 16781K, committed 17600K, reserved 1048576K
}
Event: 28.081 GC heap after
{Heap after GC invocations=50 (full 0):
 garbage-first heap   total 358400K, used 227710K [0x0000000700000000, 0x0000000800000000)
  region size 2048K, 6 young (12288K), 6 survivors (12288K)
 Metaspace       used 119870K, committed 121600K, reserved 1179648K
  class space    used 16781K, committed 17600K, reserved 1048576K
}
Event: 28.762 GC heap before
{Heap before GC invocations=50 (full 0):
 garbage-first heap   total 358400K, used 289150K [0x0000000700000000, 0x0000000800000000)
  region size 2048K, 36 young (73728K), 6 survivors (12288K)
 Metaspace       used 120422K, committed 122240K, reserved 1179648K
  class space    used 16857K, committed 17728K, reserved 1048576K
}
Event: 28.773 GC heap after
{Heap after GC invocations=51 (full 0):
 garbage-first heap   total 358400K, used 239616K [0x0000000700000000, 0x0000000800000000)
  region size 2048K, 5 young (10240K), 5 survivors (10240K)
 Metaspace       used 120422K, committed 122240K, reserved 1179648K
  class space    used 16857K, committed 17728K, reserved 1048576K
}
Event: 28.905 GC heap before
{Heap before GC invocations=51 (full 0):
 garbage-first heap   total 358400K, used 292864K [0x0000000700000000, 0x0000000800000000)
  region size 2048K, 32 young (65536K), 5 survivors (10240K)
 Metaspace       used 120430K, committed 122240K, reserved 1179648K
  class space    used 16857K, committed 17728K, reserved 1048576K
}
Event: 28.913 GC heap after
{Heap after GC invocations=52 (full 0):
 garbage-first heap   total 622592K, used 243404K [0x0000000700000000, 0x0000000800000000)
  region size 2048K, 3 young (6144K), 3 survivors (6144K)
 Metaspace       used 120430K, committed 122240K, reserved 1179648K
  class space    used 16857K, committed 17728K, reserved 1048576K
}
Event: 30.205 GC heap before
{Heap before GC invocations=52 (full 0):
 garbage-first heap   total 622592K, used 470732K [0x0000000700000000, 0x0000000800000000)
  region size 2048K, 114 young (233472K), 3 survivors (6144K)
 Metaspace       used 120935K, committed 122752K, reserved 1179648K
  class space    used 16920K, committed 17792K, reserved 1048576K
}
Event: 30.249 GC heap after
{Heap after GC invocations=53 (full 0):
 garbage-first heap   total 622592K, used 263399K [0x0000000700000000, 0x0000000800000000)
  region size 2048K, 11 young (22528K), 11 survivors (22528K)
 Metaspace       used 120935K, committed 122752K, reserved 1179648K
  class space    used 16920K, committed 17792K, reserved 1048576K
}
Event: 32.584 GC heap before
{Heap before GC invocations=53 (full 0):
 garbage-first heap   total 622592K, used 494823K [0x0000000700000000, 0x0000000800000000)
  region size 2048K, 125 young (256000K), 11 survivors (22528K)
 Metaspace       used 125857K, committed 127808K, reserved 1179648K
  class space    used 17635K, committed 18560K, reserved 1048576K
}
Event: 32.610 GC heap after
{Heap after GC invocations=54 (full 0):
 garbage-first heap   total 622592K, used 286301K [0x0000000700000000, 0x0000000800000000)
  region size 2048K, 12 young (24576K), 12 survivors (24576K)
 Metaspace       used 125857K, committed 127808K, reserved 1179648K
  class space    used 17635K, committed 18560K, reserved 1048576K
}
Event: 33.476 GC heap before
{Heap before GC invocations=54 (full 0):
 garbage-first heap   total 622592K, used 493149K [0x0000000700000000, 0x0000000800000000)
  region size 2048K, 114 young (233472K), 12 survivors (24576K)
 Metaspace       used 126003K, committed 127936K, reserved 1179648K
  class space    used 17650K, committed 18560K, reserved 1048576K
}
Event: 33.501 GC heap after
{Heap after GC invocations=55 (full 0):
 garbage-first heap   total 622592K, used 304659K [0x0000000700000000, 0x0000000800000000)
  region size 2048K, 10 young (20480K), 10 survivors (20480K)
 Metaspace       used 126003K, committed 127936K, reserved 1179648K
  class space    used 17650K, committed 18560K, reserved 1048576K
}
Event: 34.490 GC heap before
{Heap before GC invocations=55 (full 0):
 garbage-first heap   total 622592K, used 495123K [0x0000000700000000, 0x0000000800000000)
  region size 2048K, 104 young (212992K), 10 survivors (20480K)
 Metaspace       used 126298K, committed 128256K, reserved 1179648K
  class space    used 17689K, committed 18624K, reserved 1048576K
}
Event: 34.509 GC heap after
{Heap after GC invocations=56 (full 0):
 garbage-first heap   total 622592K, used 323932K [0x0000000700000000, 0x0000000800000000)
  region size 2048K, 11 young (22528K), 11 survivors (22528K)
 Metaspace       used 126298K, committed 128256K, reserved 1179648K
  class space    used 17689K, committed 18624K, reserved 1048576K
}
Event: 36.833 GC heap before
{Heap before GC invocations=56 (full 0):
 garbage-first heap   total 622592K, used 498012K [0x0000000700000000, 0x0000000800000000)
  region size 2048K, 96 young (196608K), 11 survivors (22528K)
 Metaspace       used 129051K, committed 131136K, reserved 1179648K
  class space    used 17950K, committed 18944K, reserved 1048576K
}
Event: 36.871 GC heap after
{Heap after GC invocations=57 (full 0):
 garbage-first heap   total 622592K, used 358400K [0x0000000700000000, 0x0000000800000000)
  region size 2048K, 12 young (24576K), 12 survivors (24576K)
 Metaspace       used 129051K, committed 131136K, reserved 1179648K
  class space    used 17950K, committed 18944K, reserved 1048576K
}
Event: 37.556 GC heap before
{Heap before GC invocations=57 (full 0):
 garbage-first heap   total 622592K, used 501760K [0x0000000700000000, 0x0000000800000000)
  region size 2048K, 82 young (167936K), 12 survivors (24576K)
 Metaspace       used 129444K, committed 131584K, reserved 1179648K
  class space    used 18014K, committed 19008K, reserved 1048576K
}
Event: 37.578 GC heap after
{Heap after GC invocations=58 (full 0):
 garbage-first heap   total 622592K, used 375663K [0x0000000700000000, 0x0000000800000000)
  region size 2048K, 8 young (16384K), 8 survivors (16384K)
 Metaspace       used 129444K, committed 131584K, reserved 1179648K
  class space    used 18014K, committed 19008K, reserved 1048576K
}
Event: 37.996 GC heap before
{Heap before GC invocations=58 (full 0):
 garbage-first heap   total 622592K, used 506735K [0x0000000700000000, 0x0000000800000000)
  region size 2048K, 73 young (149504K), 8 survivors (16384K)
 Metaspace       used 130179K, committed 132352K, reserved 1179648K
  class space    used 18150K, committed 19200K, reserved 1048576K
}
Event: 38.011 GC heap after
{Heap after GC invocations=59 (full 0):
 garbage-first heap   total 747520K, used 381709K [0x0000000700000000, 0x0000000800000000)
  region size 2048K, 4 young (8192K), 4 survivors (8192K)
 Metaspace       used 130179K, committed 132352K, reserved 1179648K
  class space    used 18150K, committed 19200K, reserved 1048576K
}

