# JRE version: Java(TM) SE Runtime Environment (17.0.12+8) (build 17.0.12+8-LTS-286)
# Java VM: Java HotSpot(TM) 64-Bit Server VM (17.0.12+8-LTS-286, mixed mode, sharing, tiered, compressed oops, compressed class ptrs, g1 gc, windows-amd64)
GC Precious Log:
 CPUs: 12 total, 12 available
 Memory: 7579M
 Large Page Support: Disabled
 NUMA Support: Disabled
 Compressed Oops: Enabled (Zero based)
 Heap Region Size: 2M
 Heap Min Capacity: 8M
 Heap Initial Capacity: 120M
 Heap Max Capacity: 4G
 Pre-touch: Disabled
 Parallel Workers: 10
 Concurrent Workers: 3
 Concurrent Refinement Workers: 10
 Periodic GC: Disabled
Heap:
 garbage-first heap   total 378880K, used 258470K [0x0000000700000000, 0x0000000800000000)
  region size 2048K, 5 young (10240K), 5 survivors (10240K)
 Metaspace       used 115063K, committed 116928K, reserved 1179648K
  class space    used 16095K, committed 16960K, reserved 1048576K
GC Heap History (20 events):
Event: 25.627 GC heap after
{Heap after GC invocations=47 (full 0):
 garbage-first heap   total 315392K, used 155810K [0x0000000700000000, 0x0000000800000000)
  region size 2048K, 4 young (8192K), 4 survivors (8192K)
 Metaspace       used 107732K, committed 108992K, reserved 1179648K
  class space    used 15016K, committed 15616K, reserved 1048576K
}
Event: 27.117 GC heap before
{Heap before GC invocations=47 (full 0):
 garbage-first heap   total 315392K, used 258210K [0x0000000700000000, 0x0000000800000000)
  region size 2048K, 54 young (110592K), 4 survivors (8192K)
 Metaspace       used 110555K, committed 112000K, reserved 1179648K
  class space    used 15443K, committed 16128K, reserved 1048576K
}
Event: 27.133 GC heap after
{Heap after GC invocations=48 (full 0):
 garbage-first heap   total 315392K, used 171733K [0x0000000700000000, 0x0000000800000000)
  region size 2048K, 7 young (14336K), 7 survivors (14336K)
 Metaspace       used 110555K, committed 112000K, reserved 1179648K
  class space    used 15443K, committed 16128K, reserved 1048576K
}
Event: 28.106 GC heap before
{Heap before GC invocations=48 (full 0):
 garbage-first heap   total 315392K, used 255701K [0x0000000700000000, 0x0000000800000000)
  region size 2048K, 48 young (98304K), 7 survivors (14336K)
 Metaspace       used 111864K, committed 113408K, reserved 1179648K
  class space    used 15635K, committed 16320K, reserved 1048576K
}
Event: 28.123 GC heap after
{Heap after GC invocations=49 (full 0):
 garbage-first heap   total 315392K, used 188416K [0x0000000700000000, 0x0000000800000000)
  region size 2048K, 6 young (12288K), 6 survivors (12288K)
 Metaspace       used 111864K, committed 113408K, reserved 1179648K
  class space    used 15635K, committed 16320K, reserved 1048576K
}
Event: 28.910 GC heap before
{Heap before GC invocations=49 (full 0):
 garbage-first heap   total 315392K, used 256000K [0x0000000700000000, 0x0000000800000000)
  region size 2048K, 39 young (79872K), 6 survivors (12288K)
 Metaspace       used 112527K, committed 114112K, reserved 1179648K
  class space    used 15712K, committed 16448K, reserved 1048576K
}
Event: 28.925 GC heap after
{Heap after GC invocations=50 (full 0):
 garbage-first heap   total 315392K, used 202752K [0x0000000700000000, 0x0000000800000000)
  region size 2048K, 5 young (10240K), 5 survivors (10240K)
 Metaspace       used 112527K, committed 114112K, reserved 1179648K
  class space    used 15712K, committed 16448K, reserved 1048576K
}
Event: 29.350 GC heap before
{Heap before GC invocations=50 (full 0):
 garbage-first heap   total 315392K, used 258048K [0x0000000700000000, 0x0000000800000000)
  region size 2048K, 32 young (65536K), 5 survivors (10240K)
 Metaspace       used 113215K, committed 115008K, reserved 1179648K
  class space    used 15837K, committed 16640K, reserved 1048576K
}
Event: 29.360 GC heap after
{Heap after GC invocations=51 (full 0):
 garbage-first heap   total 315392K, used 212992K [0x0000000700000000, 0x0000000800000000)
  region size 2048K, 4 young (8192K), 4 survivors (8192K)
 Metaspace       used 113215K, committed 115008K, reserved 1179648K
  class space    used 15837K, committed 16640K, reserved 1048576K
}
Event: 29.723 GC heap before
{Heap before GC invocations=51 (full 0):
 garbage-first heap   total 315392K, used 258048K [0x0000000700000000, 0x0000000800000000)
  region size 2048K, 27 young (55296K), 4 survivors (8192K)
 Metaspace       used 113426K, committed 115200K, reserved 1179648K
  class space    used 15856K, committed 16640K, reserved 1048576K
}
Event: 29.732 GC heap after
{Heap after GC invocations=52 (full 0):
 garbage-first heap   total 378880K, used 219369K [0x0000000700000000, 0x0000000800000000)
  region size 2048K, 4 young (8192K), 4 survivors (8192K)
 Metaspace       used 113426K, committed 115200K, reserved 1179648K
  class space    used 15856K, committed 16640K, reserved 1048576K
}
Event: 29.858 GC heap before
{Heap before GC invocations=52 (full 0):
 garbage-first heap   total 378880K, used 299241K [0x0000000700000000, 0x0000000800000000)
  region size 2048K, 44 young (90112K), 4 survivors (8192K)
 Metaspace       used 113427K, committed 115200K, reserved 1179648K
  class space    used 15856K, committed 16640K, reserved 1048576K
}
Event: 29.863 GC heap after
{Heap after GC invocations=53 (full 0):
 garbage-first heap   total 378880K, used 221227K [0x0000000700000000, 0x0000000800000000)
  region size 2048K, 3 young (6144K), 3 survivors (6144K)
 Metaspace       used 113427K, committed 115200K, reserved 1179648K
  class space    used 15856K, committed 16640K, reserved 1048576K
}
Event: 30.623 GC heap before
{Heap before GC invocations=53 (full 0):
 garbage-first heap   total 378880K, used 303147K [0x0000000700000000, 0x0000000800000000)
  region size 2048K, 44 young (90112K), 3 survivors (6144K)
 Metaspace       used 114777K, committed 116608K, reserved 1179648K
  class space    used 16057K, committed 16896K, reserved 1048576K
}
Event: 30.632 GC heap after
{Heap after GC invocations=54 (full 0):
 garbage-first heap   total 378880K, used 238917K [0x0000000700000000, 0x0000000800000000)
  region size 2048K, 6 young (12288K), 6 survivors (12288K)
 Metaspace       used 114777K, committed 116608K, reserved 1179648K
  class space    used 16057K, committed 16896K, reserved 1048576K
}
Event: 30.880 GC heap before
{Heap before GC invocations=54 (full 0):
 garbage-first heap   total 378880K, used 302405K [0x0000000700000000, 0x0000000800000000)
  region size 2048K, 38 young (77824K), 6 survivors (12288K)
 Metaspace       used 114830K, committed 116672K, reserved 1179648K
  class space    used 16059K, committed 16896K, reserved 1048576K
}
Event: 30.887 GC heap after
{Heap after GC invocations=55 (full 0):
 garbage-first heap   total 378880K, used 244728K [0x0000000700000000, 0x0000000800000000)
  region size 2048K, 3 young (6144K), 3 survivors (6144K)
 Metaspace       used 114830K, committed 116672K, reserved 1179648K
  class space    used 16059K, committed 16896K, reserved 1048576K
}
Event: 30.968 GC heap before
{Heap before GC invocations=55 (full 0):
 garbage-first heap   total 378880K, used 308216K [0x0000000700000000, 0x0000000800000000)
  region size 2048K, 35 young (71680K), 3 survivors (6144K)
 Metaspace       used 114830K, committed 116672K, reserved 1179648K
  class space    used 16059K, committed 16896K, reserved 1048576K
}
Event: 30.973 GC heap after
{Heap after GC invocations=56 (full 0):
 garbage-first heap   total 378880K, used 246030K [0x0000000700000000, 0x0000000800000000)
  region size 2048K, 4 young (8192K), 4 survivors (8192K)
 Metaspace       used 114830K, committed 116672K, reserved 1179648K
  class space    used 16059K, committed 16896K, reserved 1048576K
}
Event: 31.381 GC heap before
{Heap before GC invocations=56 (full 0):
 garbage-first heap   total 378880K, used 315662K [0x0000000700000000, 0x0000000800000000)
  region size 2048K, 37 young (75776K), 4 survivors (8192K)
 Metaspace       used 115063K, committed 116928K, reserved 1179648K
  class space    used 16095K, committed 16960K, reserved 1048576K
}

