# JRE version: Java(TM) SE Runtime Environment (17.0.12+8) (build 17.0.12+8-LTS-286)
# Java VM: Java HotSpot(TM) 64-Bit Server VM (17.0.12+8-LTS-286, mixed mode, sharing, tiered, compressed oops, compressed class ptrs, g1 gc, windows-amd64)
GC Precious Log:
 CPUs: 12 total, 12 available
 Memory: 7579M
 Large Page Support: Disabled
 NUMA Support: Disabled
 Compressed Oops: Enabled (32-bit)
 Heap Region Size: 1M
 Heap Min Capacity: 8M
 Heap Initial Capacity: 120M
 Heap Max Capacity: 1896M
 Pre-touch: Disabled
 Parallel Workers: 10
 Concurrent Workers: 3
 Concurrent Refinement Workers: 10
 Periodic GC: Disabled
Heap:
 garbage-first heap   total 58368K, used 14747K [0x0000000089800000, 0x0000000100000000)
  region size 1024K, 10 young (10240K), 9 survivors (9216K)
 Metaspace       used 21466K, committed 21696K, reserved 1114112K
  class space    used 2482K, committed 2560K, reserved 1048576K
GC Heap History (6 events):
Event: 1.931 GC heap before
{Heap before GC invocations=0 (full 0):
 garbage-first heap   total 122880K, used 26624K [0x0000000089800000, 0x0000000100000000)
  region size 1024K, 23 young (23552K), 0 survivors (0K)
 Metaspace       used 6861K, committed 6976K, reserved 1114112K
  class space    used 702K, committed 768K, reserved 1048576K
}
Event: 1.942 GC heap after
{Heap after GC invocations=1 (full 0):
 garbage-first heap   total 122880K, used 6228K [0x0000000089800000, 0x0000000100000000)
  region size 1024K, 3 young (3072K), 3 survivors (3072K)
 Metaspace       used 6861K, committed 6976K, reserved 1114112K
  class space    used 702K, committed 768K, reserved 1048576K
}
Event: 3.972 GC heap before
{Heap before GC invocations=1 (full 0):
 garbage-first heap   total 122880K, used 38996K [0x0000000089800000, 0x0000000100000000)
  region size 1024K, 35 young (35840K), 3 survivors (3072K)
 Metaspace       used 16232K, committed 16448K, reserved 1114112K
  class space    used 1844K, committed 1920K, reserved 1048576K
}
Event: 3.980 GC heap after
{Heap after GC invocations=2 (full 0):
 garbage-first heap   total 122880K, used 7904K [0x0000000089800000, 0x0000000100000000)
  region size 1024K, 2 young (2048K), 2 survivors (2048K)
 Metaspace       used 16232K, committed 16448K, reserved 1114112K
  class space    used 1844K, committed 1920K, reserved 1048576K
}
Event: 7.308 GC heap before
{Heap before GC invocations=2 (full 0):
 garbage-first heap   total 122880K, used 39648K [0x0000000089800000, 0x0000000100000000)
  region size 1024K, 34 young (34816K), 2 survivors (2048K)
 Metaspace       used 21312K, committed 21504K, reserved 1114112K
  class space    used 2462K, committed 2560K, reserved 1048576K
}
Event: 7.325 GC heap after
{Heap after GC invocations=3 (full 0):
 garbage-first heap   total 122880K, used 14747K [0x0000000089800000, 0x0000000100000000)
  region size 1024K, 9 young (9216K), 9 survivors (9216K)
 Metaspace       used 21312K, committed 21504K, reserved 1114112K
  class space    used 2462K, committed 2560K, reserved 1048576K
}

